{"uuid":"84574a24-d36b-4943-8551-8586f3c26c14","historyId":"e4165c6f454e4c2e426eb845427d0fe8","fullName":"com.sprint.CourierCreateTest.newCourierCreateNegativeTest","labels":[{"name":"package","value":"com.sprint"},{"name":"testClass","value":"com.sprint.CourierCreateTest"},{"name":"testMethod","value":"newCourierCreateNegativeTest"},{"name":"suite","value":"com.sprint.CourierCreateTest"},{"name":"host","value":"DESKTOP-19NHSHV"},{"name":"thread","value":"19864@DESKTOP-19NHSHV.main(1)"},{"name":"framework","value":"junit4"},{"name":"language","value":"java"}],"links":[],"name":"Создание курьера (негативный тест)","status":"failed","statusDetails":{"known":false,"muted":false,"flaky":false,"message":"1 expectation failed.\nExpected status code <400> but was <409>.\n","trace":"java.lang.AssertionError: 1 expectation failed.\nExpected status code <400> but was <409>.\n\r\n\tat java.base/jdk.internal.reflect.DirectConstructorHandleAccessor.newInstance(DirectConstructorHandleAccessor.java:62)\r\n\tat java.base/java.lang.reflect.Constructor.newInstanceWithCaller(Constructor.java:501)\r\n\tat java.base/java.lang.reflect.Constructor.newInstance(Constructor.java:485)\r\n\tat org.codehaus.groovy.reflection.CachedConstructor.invoke(CachedConstructor.java:73)\r\n\tat org.codehaus.groovy.runtime.callsite.ConstructorSite$ConstructorSiteNoUnwrapNoCoerce.callConstructor(ConstructorSite.java:108)\r\n\tat org.codehaus.groovy.runtime.callsite.CallSiteArray.defaultCallConstructor(CallSiteArray.java:57)\r\n\tat org.codehaus.groovy.runtime.callsite.AbstractCallSite.callConstructor(AbstractCallSite.java:263)\r\n\tat org.codehaus.groovy.runtime.callsite.AbstractCallSite.callConstructor(AbstractCallSite.java:277)\r\n\tat io.restassured.internal.ResponseSpecificationImpl$HamcrestAssertionClosure.validate(ResponseSpecificationImpl.groovy:512)\r\n\tat io.restassured.internal.ResponseSpecificationImpl$HamcrestAssertionClosure$validate$1.call(Unknown Source)\r\n\tat io.restassured.internal.ResponseSpecificationImpl.validateResponseIfRequired(ResponseSpecificationImpl.groovy:696)\r\n\tat io.restassured.internal.ResponseSpecificationImpl.this$2$validateResponseIfRequired(ResponseSpecificationImpl.groovy)\r\n\tat java.base/jdk.internal.reflect.DirectMethodHandleAccessor.invoke(DirectMethodHandleAccessor.java:103)\r\n\tat java.base/java.lang.reflect.Method.invoke(Method.java:580)\r\n\tat org.codehaus.groovy.runtime.callsite.PlainObjectMetaMethodSite.doInvoke(PlainObjectMetaMethodSite.java:43)\r\n\tat org.codehaus.groovy.runtime.callsite.PogoMetaMethodSite$PogoCachedMethodSiteNoUnwrapNoCoerce.invoke(PogoMetaMethodSite.java:198)\r\n\tat org.codehaus.groovy.runtime.callsite.PogoMetaMethodSite.callCurrent(PogoMetaMethodSite.java:62)\r\n\tat org.codehaus.groovy.runtime.callsite.AbstractCallSite.callCurrent(AbstractCallSite.java:185)\r\n\tat io.restassured.internal.ResponseSpecificationImpl.statusCode(ResponseSpecificationImpl.groovy:135)\r\n\tat io.restassured.specification.ResponseSpecification$statusCode$0.callCurrent(Unknown Source)\r\n\tat io.restassured.internal.ResponseSpecificationImpl.statusCode(ResponseSpecificationImpl.groovy:143)\r\n\tat io.restassured.internal.ValidatableResponseOptionsImpl.statusCode(ValidatableResponseOptionsImpl.java:89)\r\n\tat com.sprint.CourierCreateTest.checkCreateNegative(CourierCreateTest.java:36)\r\n\tat com.sprint.CourierCreateTest.newCourierCreateNegativeTest(CourierCreateTest.java:71)\r\n\tat java.base/jdk.internal.reflect.DirectMethodHandleAccessor.invoke(DirectMethodHandleAccessor.java:103)\r\n\tat java.base/java.lang.reflect.Method.invoke(Method.java:580)\r\n\tat org.junit.runners.model.FrameworkMethod$1.runReflectiveCall(FrameworkMethod.java:50)\r\n\tat org.junit.internal.runners.model.ReflectiveCallable.run(ReflectiveCallable.java:12)\r\n\tat org.junit.runners.model.FrameworkMethod.invokeExplosively(FrameworkMethod.java:47)\r\n\tat org.junit.internal.runners.statements.InvokeMethod.evaluate(InvokeMethod.java:17)\r\n\tat org.junit.internal.runners.statements.RunBefores.evaluate(RunBefores.java:26)\r\n\tat org.junit.internal.runners.statements.RunAfters.evaluate(RunAfters.java:27)\r\n\tat org.junit.rules.Verifier$1.evaluate(Verifier.java:35)\r\n\tat org.junit.rules.RunRules.evaluate(RunRules.java:20)\r\n\tat org.junit.runners.ParentRunner.runLeaf(ParentRunner.java:325)\r\n\tat org.junit.runners.BlockJUnit4ClassRunner.runChild(BlockJUnit4ClassRunner.java:78)\r\n\tat org.junit.runners.BlockJUnit4ClassRunner.runChild(BlockJUnit4ClassRunner.java:57)\r\n\tat org.junit.runners.ParentRunner$3.run(ParentRunner.java:290)\r\n\tat org.junit.runners.ParentRunner$1.schedule(ParentRunner.java:71)\r\n\tat org.junit.runners.ParentRunner.runChildren(ParentRunner.java:288)\r\n\tat org.junit.runners.ParentRunner.access$000(ParentRunner.java:58)\r\n\tat org.junit.runners.ParentRunner$2.evaluate(ParentRunner.java:268)\r\n\tat org.junit.runners.ParentRunner.run(ParentRunner.java:363)\r\n\tat org.apache.maven.surefire.junit4.JUnit4Provider.execute(JUnit4Provider.java:365)\r\n\tat org.apache.maven.surefire.junit4.JUnit4Provider.executeWithRerun(JUnit4Provider.java:273)\r\n\tat org.apache.maven.surefire.junit4.JUnit4Provider.executeTestSet(JUnit4Provider.java:238)\r\n\tat org.apache.maven.surefire.junit4.JUnit4Provider.invoke(JUnit4Provider.java:159)\r\n\tat org.apache.maven.surefire.booter.ForkedBooter.invokeProviderInSameClassLoader(ForkedBooter.java:384)\r\n\tat org.apache.maven.surefire.booter.ForkedBooter.runSuitesInProcess(ForkedBooter.java:345)\r\n\tat org.apache.maven.surefire.booter.ForkedBooter.execute(ForkedBooter.java:126)\r\n\tat org.apache.maven.surefire.booter.ForkedBooter.main(ForkedBooter.java:418)\r\n"},"stage":"finished","description":"ручка для создания курьера/api/v1/courier с негативными данными","steps":[{"name":"Отправляем запрос на создание курьера API","status":"passed","stage":"finished","steps":[],"attachments":[],"parameters":[{"name":"model","value":"com.sprint.CourierCreateModel@77622c82"}],"start":1753577601345,"stop":1753577601485},{"name":"Проверка на ответ при создании с невалидными данными","status":"passed","stage":"finished","steps":[],"attachments":[],"parameters":[{"name":"respons","value":"io.restassured.internal.RestAssuredResponseImpl@6c96346b"}],"start":1753577601485,"stop":1753577601500},{"name":"Отправляем запрос на создание курьера API","status":"passed","stage":"finished","steps":[],"attachments":[],"parameters":[{"name":"model","value":"com.sprint.CourierCreateModel@7b4c793b"}],"start":1753577601500,"stop":1753577601646},{"name":"Проверка на ответ при создании с невалидными данными","status":"passed","stage":"finished","steps":[],"attachments":[],"parameters":[{"name":"respons","value":"io.restassured.internal.RestAssuredResponseImpl@4f5bfbca"}],"start":1753577601646,"stop":1753577601647},{"name":"Отправляем запрос на создание курьера API","status":"passed","stage":"finished","steps":[],"attachments":[],"parameters":[{"name":"model","value":"com.sprint.CourierCreateModel@552b15f6"}],"start":1753577601647,"stop":1753577601845},{"name":"Проверка на ответ при создании с невалидными данными","status":"failed","statusDetails":{"known":false,"muted":false,"flaky":false,"message":"1 expectation failed.\nExpected status code <400> but was <409>.\n","trace":"java.lang.AssertionError: 1 expectation failed.\nExpected status code <400> but was <409>.\n\r\n\tat java.base/jdk.internal.reflect.DirectConstructorHandleAccessor.newInstance(DirectConstructorHandleAccessor.java:62)\r\n\tat java.base/java.lang.reflect.Constructor.newInstanceWithCaller(Constructor.java:501)\r\n\tat java.base/java.lang.reflect.Constructor.newInstance(Constructor.java:485)\r\n\tat org.codehaus.groovy.reflection.CachedConstructor.invoke(CachedConstructor.java:73)\r\n\tat org.codehaus.groovy.runtime.callsite.ConstructorSite$ConstructorSiteNoUnwrapNoCoerce.callConstructor(ConstructorSite.java:108)\r\n\tat org.codehaus.groovy.runtime.callsite.CallSiteArray.defaultCallConstructor(CallSiteArray.java:57)\r\n\tat org.codehaus.groovy.runtime.callsite.AbstractCallSite.callConstructor(AbstractCallSite.java:263)\r\n\tat org.codehaus.groovy.runtime.callsite.AbstractCallSite.callConstructor(AbstractCallSite.java:277)\r\n\tat io.restassured.internal.ResponseSpecificationImpl$HamcrestAssertionClosure.validate(ResponseSpecificationImpl.groovy:512)\r\n\tat io.restassured.internal.ResponseSpecificationImpl$HamcrestAssertionClosure$validate$1.call(Unknown Source)\r\n\tat io.restassured.internal.ResponseSpecificationImpl.validateResponseIfRequired(ResponseSpecificationImpl.groovy:696)\r\n\tat io.restassured.internal.ResponseSpecificationImpl.this$2$validateResponseIfRequired(ResponseSpecificationImpl.groovy)\r\n\tat java.base/jdk.internal.reflect.DirectMethodHandleAccessor.invoke(DirectMethodHandleAccessor.java:103)\r\n\tat java.base/java.lang.reflect.Method.invoke(Method.java:580)\r\n\tat org.codehaus.groovy.runtime.callsite.PlainObjectMetaMethodSite.doInvoke(PlainObjectMetaMethodSite.java:43)\r\n\tat org.codehaus.groovy.runtime.callsite.PogoMetaMethodSite$PogoCachedMethodSiteNoUnwrapNoCoerce.invoke(PogoMetaMethodSite.java:198)\r\n\tat org.codehaus.groovy.runtime.callsite.PogoMetaMethodSite.callCurrent(PogoMetaMethodSite.java:62)\r\n\tat org.codehaus.groovy.runtime.callsite.AbstractCallSite.callCurrent(AbstractCallSite.java:185)\r\n\tat io.restassured.internal.ResponseSpecificationImpl.statusCode(ResponseSpecificationImpl.groovy:135)\r\n\tat io.restassured.specification.ResponseSpecification$statusCode$0.callCurrent(Unknown Source)\r\n\tat io.restassured.internal.ResponseSpecificationImpl.statusCode(ResponseSpecificationImpl.groovy:143)\r\n\tat io.restassured.internal.ValidatableResponseOptionsImpl.statusCode(ValidatableResponseOptionsImpl.java:89)\r\n\tat com.sprint.CourierCreateTest.checkCreateNegative(CourierCreateTest.java:36)\r\n\tat com.sprint.CourierCreateTest.newCourierCreateNegativeTest(CourierCreateTest.java:71)\r\n\tat java.base/jdk.internal.reflect.DirectMethodHandleAccessor.invoke(DirectMethodHandleAccessor.java:103)\r\n\tat java.base/java.lang.reflect.Method.invoke(Method.java:580)\r\n\tat org.junit.runners.model.FrameworkMethod$1.runReflectiveCall(FrameworkMethod.java:50)\r\n\tat org.junit.internal.runners.model.ReflectiveCallable.run(ReflectiveCallable.java:12)\r\n\tat org.junit.runners.model.FrameworkMethod.invokeExplosively(FrameworkMethod.java:47)\r\n\tat org.junit.internal.runners.statements.InvokeMethod.evaluate(InvokeMethod.java:17)\r\n\tat org.junit.internal.runners.statements.RunBefores.evaluate(RunBefores.java:26)\r\n\tat org.junit.internal.runners.statements.RunAfters.evaluate(RunAfters.java:27)\r\n\tat org.junit.rules.Verifier$1.evaluate(Verifier.java:35)\r\n\tat org.junit.rules.RunRules.evaluate(RunRules.java:20)\r\n\tat org.junit.runners.ParentRunner.runLeaf(ParentRunner.java:325)\r\n\tat org.junit.runners.BlockJUnit4ClassRunner.runChild(BlockJUnit4ClassRunner.java:78)\r\n\tat org.junit.runners.BlockJUnit4ClassRunner.runChild(BlockJUnit4ClassRunner.java:57)\r\n\tat org.junit.runners.ParentRunner$3.run(ParentRunner.java:290)\r\n\tat org.junit.runners.ParentRunner$1.schedule(ParentRunner.java:71)\r\n\tat org.junit.runners.ParentRunner.runChildren(ParentRunner.java:288)\r\n\tat org.junit.runners.ParentRunner.access$000(ParentRunner.java:58)\r\n\tat org.junit.runners.ParentRunner$2.evaluate(ParentRunner.java:268)\r\n\tat org.junit.runners.ParentRunner.run(ParentRunner.java:363)\r\n\tat org.apache.maven.surefire.junit4.JUnit4Provider.execute(JUnit4Provider.java:365)\r\n\tat org.apache.maven.surefire.junit4.JUnit4Provider.executeWithRerun(JUnit4Provider.java:273)\r\n\tat org.apache.maven.surefire.junit4.JUnit4Provider.executeTestSet(JUnit4Provider.java:238)\r\n\tat org.apache.maven.surefire.junit4.JUnit4Provider.invoke(JUnit4Provider.java:159)\r\n\tat org.apache.maven.surefire.booter.ForkedBooter.invokeProviderInSameClassLoader(ForkedBooter.java:384)\r\n\tat org.apache.maven.surefire.booter.ForkedBooter.runSuitesInProcess(ForkedBooter.java:345)\r\n\tat org.apache.maven.surefire.booter.ForkedBooter.execute(ForkedBooter.java:126)\r\n\tat org.apache.maven.surefire.booter.ForkedBooter.main(ForkedBooter.java:418)\r\n"},"stage":"finished","steps":[],"attachments":[],"parameters":[{"name":"respons","value":"io.restassured.internal.RestAssuredResponseImpl@1812b564"}],"start":1753577601845,"stop":1753577601879}],"attachments":[{"name":"Данные курьера:  создан с не валидными данными","source":"70f09231-bbf9-403d-bc78-924303b3e3e8-attachment","type":"text/*"}],"parameters":[],"start":1753577601345,"stop":1753577601895}